"File: Blinky.c      Assembler  Version HGASM0202      Page 1


   1  0000              ; Generated by holtek-gcc v3.19, Sun Apr 03 11:32:19 2022
   2  0000              ; 
   3  0000              ; Configuration:
   4  0000              ;       without long instruction
   5  0000              ;       Single ROM, Single RAM
   6  0000              ;       bits_per_rom_unit:14
   7  0000              ;       without mp1
   8  0000              ;       with tbhp, address(0x9)
   9  0000              ;          Use ret-const
  10  0000              ;       
  11  0000              ;       
  12  0000              ;       
  13  0000              ; use 'tabrdc' instead of 'tabrd'
  14  0000              ;       
  15  0000              
  16  0000              #pragma translator "holtek-gcc 4.6.4" "3.19" "build 20130711"
  17  0000              ; Rebuild 718
  18  0000              
  19  0000              ir equ [0]
  20  0000              mp equ [1]
  21  0000              sbp equ [7]
  22  0000              acc equ [5]
  23  0000              bp equ [7]
  24  0000              status equ [10]
  25  0000              c equ [10].0
  26  0000              ac equ [10].1
  27  0000              z equ [10].2
  28  0000              ov equ [10].3
  29  0000              intc equ [11]
  30  0000              
  31  0000              extern ra:byte
  32  0000              extern rb:byte
  33  0000              extern rc:byte
  34  0000              extern rd:byte
  35  0000              extern re:byte
  36  0000              extern rf:byte
  37  0000              extern rg:byte
  38  0000              extern rh:byte
  39  0000              extern _Crom2Prom:near
  40  0000              extern _Crom2PromNext:near
  41  0000              
  42  0000              RAMBANK 0 @HCCINIT, @HCCINIT0
  43  0000              
  44  0000              RAMBANK 0 @BITDATASEC, @BITDATASEC1
  45  0000              @HCCINIT	.section 'data'
  46  0000              @HCCINIT0	.section 'data'
  47  0000              @BITDATASEC	 .section 'data'
  48  0000              @BITDATASEC1	 .section 'data'
  49  0000              
  50  0000              #pragma debug scope 1 1
  51  0000              	extern __DELAY3:near
  52  0000              	extern __DELAYX3:near
  53  0000              	extern __DELAYX6:near
  54  0000              	extern __DELAYY5:near
  55  0000              	extern __DELAYY3:near
  56  0000              	extern _builtin_holtek_delay_2:byte
  57  0000              ___pa equ [20]
  58  0000              public _main
  59  0000              #pragma debug scope 2 1
"File: Blinky.ASM    Assembler  Version HGASM0202      Page 2


   5  0000              #line 5 "C:\Users\Balaji\Documents\HTK_Project\Blinky\Blinky.c"
   5  0000              IFDEF WITH_DEFAULT_STARTUP
   5  0000              extern _main_initial0:near
   5  0000              extern _main_startup:near
   5  0000              ENDIF
   5  0000              
   5  0000              ROMBANK 0 @start
   5  0000              @start .section com_l 'code'
   5  0000              _main_startup1:
   5  0000              @start .section com_e 'code'
   5  0000  2800     R  	jmp _main
   5  0001              
   5  0000              _main .section 'code'
   5  0000              _main proc
   5  0000              _L2:
   9  0000              #line 9 "C:\Users\Balaji\Documents\HTK_Project\Blinky\Blinky.c"
   9  0000  3314        	set [20].6
  10  0001              #line 10 "C:\Users\Balaji\Documents\HTK_Project\Blinky\Blinky.c"
  10  0001              ;# 10 "C:\Users\Balaji\Documents\HTK_Project\Blinky\Blinky.c" 1
  10  0001              	IF 500>263690
  10  0001              ;# 10 "C:\Users\Balaji\Documents\HTK_Project\Blinky\Blinky.c" 1
  10  0001              	ERRMESSAGE 'the value 500of the argument exceeds the maxinum 263690'
  10  0001              	ENDIF
  10  0001              ;# 10 "C:\Users\Balaji\Documents\HTK_Project\Blinky\Blinky.c" 1
  10  0001              	IF 500<0
  10  0001              ;# 10 "C:\Users\Balaji\Documents\HTK_Project\Blinky\Blinky.c" 1
  10  0001              	ERRMESSAGE 'the value 500 of the argument exceeds the mininum 0'
  10  0001              	ENDIF
  10  0001              ;# 10 "C:\Users\Balaji\Documents\HTK_Project\Blinky\Blinky.c" 1
  10  0001              	IF 500==0
  10  0001              ;# 10 "C:\Users\Balaji\Documents\HTK_Project\Blinky\Blinky.c" 1
  10  0001              	JMP $
  10  0001              	ENDIF
  10  0001              ;# 10 "C:\Users\Balaji\Documents\HTK_Project\Blinky\Blinky.c" 1
  10  0001              	IF 500==1
  10  0001              ;# 10 "C:\Users\Balaji\Documents\HTK_Project\Blinky\Blinky.c" 1
  10  0001              	NOP
  10  0001              	ENDIF
  10  0001              ;# 10 "C:\Users\Balaji\Documents\HTK_Project\Blinky\Blinky.c" 1
  10  0001              	IF 500==2
  10  0001              ;# 10 "C:\Users\Balaji\Documents\HTK_Project\Blinky\Blinky.c" 1
  10  0001              	NOP
  10  0001              ;# 10 "C:\Users\Balaji\Documents\HTK_Project\Blinky\Blinky.c" 1
  10  0001              	NOP
  10  0001              	ENDIF
  10  0001              ;# 10 "C:\Users\Balaji\Documents\HTK_Project\Blinky\Blinky.c" 1
  10  0001              	IF 500==3
  10  0001              ;# 10 "C:\Users\Balaji\Documents\HTK_Project\Blinky\Blinky.c" 1
  10  0001              	NOP
  10  0001              ;# 10 "C:\Users\Balaji\Documents\HTK_Project\Blinky\Blinky.c" 1
  10  0001              	NOP
  10  0001              ;# 10 "C:\Users\Balaji\Documents\HTK_Project\Blinky\Blinky.c" 1
  10  0001              	NOP
  10  0001              	ENDIF
  10  0001              ;# 10 "C:\Users\Balaji\Documents\HTK_Project\Blinky\Blinky.c" 1
  10  0001              	IF (500<8) AND (500>3)
  10  0001              ;# 10 "C:\Users\Balaji\Documents\HTK_Project\Blinky\Blinky.c" 1
  10  0001              	CALL __DELAY3 + 7 -500
  10  0001              	ENDIF
"File: Blinky.c      Assembler  Version HGASM0202      Page 3

  10  0001              ;# 10 "C:\Users\Balaji\Documents\HTK_Project\Blinky\Blinky.c" 1
  10  0001              	IF (500< 0404h) AND (500>7)
  10  0001              ;# 10 "C:\Users\Balaji\Documents\HTK_Project\Blinky\Blinky.c" 1
  10  0001  0F7C        	MOV A,500/4-1
  10  0002              ;# 10 "C:\Users\Balaji\Documents\HTK_Project\Blinky\Blinky.c" 1
  10  0002  2000     E  	CALL __DELAYX3 + 3 -(500 MOD 4)
  10  0003              	ENDIF
  10  0003              ;# 10 "C:\Users\Balaji\Documents\HTK_Project\Blinky\Blinky.c" 1
  10  0003              	IF (500< 0x40B) AND (500> 0403h)
  10  0003              ;# 10 "C:\Users\Balaji\Documents\HTK_Project\Blinky\Blinky.c" 1
  10  0003              	MOV A,0 
  10  0003              ;# 10 "C:\Users\Balaji\Documents\HTK_Project\Blinky\Blinky.c" 1
  10  0003              	CALL __DELAYX6 + 0x40a -500
  10  0003              	ENDIF
  10  0003              ;# 10 "C:\Users\Balaji\Documents\HTK_Project\Blinky\Blinky.c" 1
  10  0003              	IF (500 >= 0x40b) AND ((((500-9)%0402h)/4+1)>256)
  10  0003              ;# 10 "C:\Users\Balaji\Documents\HTK_Project\Blinky\Blinky.c" 1
  10  0003              	MOV A,(500-9)/0402h
  10  0003              ;# 10 "C:\Users\Balaji\Documents\HTK_Project\Blinky\Blinky.c" 1
  10  0003              	MOV _builtin_holtek_delay_2,A
  10  0003              ;# 10 "C:\Users\Balaji\Documents\HTK_Project\Blinky\Blinky.c" 1
  10  0003              	MOV A,0
  10  0003              ;# 10 "C:\Users\Balaji\Documents\HTK_Project\Blinky\Blinky.c" 1
  10  0003              	CALL __DELAYY5 +5- (((500-9)%0402h)%6)
  10  0003              	ENDIF
  10  0003              ;# 10 "C:\Users\Balaji\Documents\HTK_Project\Blinky\Blinky.c" 1
  10  0003              	IF (500 >= 0x40b) AND ((((500-9)%0402h)/4+1)<=256)
  10  0003              ;# 10 "C:\Users\Balaji\Documents\HTK_Project\Blinky\Blinky.c" 1
  10  0003              	MOV A,(500-9)/0402h
  10  0003              ;# 10 "C:\Users\Balaji\Documents\HTK_Project\Blinky\Blinky.c" 1
  10  0003              	MOV _builtin_holtek_delay_2,A
  10  0003              ;# 10 "C:\Users\Balaji\Documents\HTK_Project\Blinky\Blinky.c" 1
  10  0003              	MOV A,((500-9)%0402h)/4+1
  10  0003              ;# 10 "C:\Users\Balaji\Documents\HTK_Project\Blinky\Blinky.c" 1
  10  0003              	CALL __DELAYY3 +3-(((500-9)%0402h)%4)
  10  0003              	ENDIF
  12  0003              #line 12 "C:\Users\Balaji\Documents\HTK_Project\Blinky\Blinky.c"
  12  0003  3714        	clr [20].6
  12  0004  2800     R  	jmp _L2
  12  0005  2800     R  	jmp $
  12  0006              _main endp
  12  0006              
  12  0006              @dummy endp
  12  0006              
  12  0006              #line 12 "C:\Users\Balaji\Documents\HTK_Project\Blinky\Blinky.c"
  12  0006              #pragma debug scope 1 1
  12  0006              #pragma debug struct_end
  12  0006              #pragma debug struct_end
  12  0006              #pragma debug union_end
  12  0006              #pragma debug union_end
  12  0006              #pragma debug variable 43 1 ___pa "__pa" 1
   5  0006              #line 5 "C:\Users\Balaji\Documents\HTK_Project\Blinky\Blinky.c"
   5  0000              @code .section at 0 'code'
   5  0000  2800     R  	jmp _main_startup1
   5  0001              
   5  0001              
   5  0001              ; 
   5  0001              ; Generated by holtek-gcc v3.19, Sun Apr 03 11:32:19 2022
   5  0001              ; Rebuild 718
   5  0001              ; end of file
"File: Blinky.c      Assembler  Version HGASM0202      Page 4



        0 Errors, 0